<?xml version="1.0" encoding="UTF-8"?>
<robot generator="Robot 4.1.3 (Python 3.9.9 on linux)" generated="20220314 16:53:50.874" rpa="false" schemaversion="2">
<suite id="s1" name="Demo1 Orangehrm Suite" source="/home/Indranee123/home/Indranee123/Documents/Robotframework/Robot_project/selenium_suite/demo1_orangehrm_suite.robot">
<test id="s1-t1" name="TC1">
<kw name="Log To Console" library="BuiltIn">
<arg>${EXECDIR}${/}driver</arg>
<doc>Logs the given message to the console.</doc>
<status status="PASS" starttime="20220314 16:53:51.072" endtime="20220314 16:53:51.072"/>
</kw>
<kw name="Open Browser" library="SeleniumLibrary">
<arg>browser=chrome</arg>
<arg>executable_path=${EXECDIR}${/}driver${/}chromedriver</arg>
<doc>Opens a new browser instance to the optional ``url``.</doc>
<msg timestamp="20220314 16:53:51.073" level="INFO">Opening browser 'chrome' to base url 'None'.</msg>
<msg timestamp="20220314 16:53:54.170" level="INFO">Cannot capture screenshot because no browser is open.</msg>
<msg timestamp="20220314 16:53:54.185" level="FAIL">WebDriverException: Message: unknown error: Chrome failed to start: crashed.
  (unknown error: DevToolsActivePort file doesn't exist)
  (The process started from chrome location /opt/google/chrome/google-chrome is no longer running, so ChromeDriver is assuming that Chrome has crashed.)
Stacktrace:
#0 0x562123a5da23 &lt;unknown&gt;
#1 0x562123528e18 &lt;unknown&gt;
#2 0x56212354c1f1 &lt;unknown&gt;
#3 0x56212354791a &lt;unknown&gt;
#4 0x56212358274a &lt;unknown&gt;
#5 0x56212357c883 &lt;unknown&gt;
#6 0x5621235523fa &lt;unknown&gt;
#7 0x5621235534c5 &lt;unknown&gt;
#8 0x562123a8d16d &lt;unknown&gt;
#9 0x562123aa35bb &lt;unknown&gt;
#10 0x562123a8ee75 &lt;unknown&gt;
#11 0x562123aa3e85 &lt;unknown&gt;
#12 0x562123a8286f &lt;unknown&gt;
#13 0x562123abeae8 &lt;unknown&gt;
#14 0x562123abec68 &lt;unknown&gt;
#15 0x562123ad9aad &lt;unknown&gt;
#16 0x7fd24e71a3ba &lt;unknown&gt;
#17 0x7fd24df26b03 &lt;unknown&gt;
</msg>
<status status="FAIL" starttime="20220314 16:53:51.073" endtime="20220314 16:53:54.185"/>
</kw>
<kw name="Maximize Browser Window" library="SeleniumLibrary">
<doc>Maximizes current browser window.</doc>
<status status="NOT RUN" starttime="20220314 16:53:54.186" endtime="20220314 16:53:54.186"/>
</kw>
<kw name="Set Selenium Implicit Wait" library="SeleniumLibrary">
<arg>20s</arg>
<doc>Sets the implicit wait value used by Selenium.</doc>
<status status="NOT RUN" starttime="20220314 16:53:54.186" endtime="20220314 16:53:54.186"/>
</kw>
<kw name="Input Text" library="SeleniumLibrary">
<arg>id=txtUsername</arg>
<arg>Admin</arg>
<doc>Types the given ``text`` into the text field identified by ``locator``.</doc>
<status status="NOT RUN" starttime="20220314 16:53:54.186" endtime="20220314 16:53:54.186"/>
</kw>
<kw name="Input Password" library="SeleniumLibrary">
<arg>id=password</arg>
<arg>admin123</arg>
<doc>Types the given password into the text field identified by ``locator``.</doc>
<status status="NOT RUN" starttime="20220314 16:53:54.187" endtime="20220314 16:53:54.187"/>
</kw>
<kw name="Click Element" library="SeleniumLibrary">
<arg>id=btnlogin</arg>
<doc>Click the element identified by ``locator``.</doc>
<status status="NOT RUN" starttime="20220314 16:53:54.187" endtime="20220314 16:53:54.187"/>
</kw>
<kw name="Page Should Contain" library="SeleniumLibrary">
<arg>My Info</arg>
<doc>Verifies that current page contains ``text``.</doc>
<status status="NOT RUN" starttime="20220314 16:53:54.187" endtime="20220314 16:53:54.187"/>
</kw>
<kw name="Click Element" library="SeleniumLibrary">
<arg>id=welcome</arg>
<doc>Click the element identified by ``locator``.</doc>
<status status="NOT RUN" starttime="20220314 16:53:54.187" endtime="20220314 16:53:54.187"/>
</kw>
<kw name="Click Element" library="SeleniumLibrary">
<arg>link=logout</arg>
<doc>Click the element identified by ``locator``.</doc>
<status status="NOT RUN" starttime="20220314 16:53:54.187" endtime="20220314 16:53:54.187"/>
</kw>
<status status="FAIL" starttime="20220314 16:53:51.071" endtime="20220314 16:53:54.188">WebDriverException: Message: unknown error: Chrome failed to start: crashed.
  (unknown error: DevToolsActivePort file doesn't exist)
  (The process started from chrome location /opt/google/chrome/google-chrome is no longer running, so ChromeDriver is assuming that Chrome has crashed.)
Stacktrace:
#0 0x562123a5da23 &lt;unknown&gt;
#1 0x562123528e18 &lt;unknown&gt;
#2 0x56212354c1f1 &lt;unknown&gt;
#3 0x56212354791a &lt;unknown&gt;
#4 0x56212358274a &lt;unknown&gt;
#5 0x56212357c883 &lt;unknown&gt;
#6 0x5621235523fa &lt;unknown&gt;
#7 0x5621235534c5 &lt;unknown&gt;
#8 0x562123a8d16d &lt;unknown&gt;
#9 0x562123aa35bb &lt;unknown&gt;
#10 0x562123a8ee75 &lt;unknown&gt;
#11 0x562123aa3e85 &lt;unknown&gt;
#12 0x562123a8286f &lt;unknown&gt;
#13 0x562123abeae8 &lt;unknown&gt;
#14 0x562123abec68 &lt;unknown&gt;
#15 0x562123ad9aad &lt;unknown&gt;
#16 0x7fd24e71a3ba &lt;unknown&gt;
#17 0x7fd24df26b03 &lt;unknown&gt;
</status>
</test>
<status status="FAIL" starttime="20220314 16:53:50.875" endtime="20220314 16:53:54.189"/>
</suite>
<statistics>
<total>
<stat pass="0" fail="1" skip="0">All Tests</stat>
</total>
<tag>
</tag>
<suite>
<stat pass="0" fail="1" skip="0" id="s1" name="Demo1 Orangehrm Suite">Demo1 Orangehrm Suite</stat>
</suite>
</statistics>
<errors>
</errors>
</robot>
